<?xml version="1.0" encoding="UTF-8"?>
<testng-results ignored="0" total="2" passed="2" failed="0" skipped="0">
  <reporter-output>
  </reporter-output>
  <suite started-at="2020-07-21T20:25:00 IST" name="Default suite" finished-at="2020-07-21T20:25:13 IST" duration-ms="12855">
    <groups>
    </groups>
    <test started-at="2020-07-21T20:25:00 IST" name="Default test" finished-at="2020-07-21T20:25:13 IST" duration-ms="12855">
      <class name="com.qa.docker.testScripts.DockerFirefoxTest">
        <test-method signature="test()[pri:0, instance:com.qa.docker.testScripts.DockerFirefoxTest@32ee6fee]" started-at="2020-07-21T20:25:00 IST" name="test" finished-at="2020-07-21T20:25:07 IST" duration-ms="6797" status="PASS">
          <reporter-output>
          </reporter-output>
        </test-method> <!-- test -->
        <test-method signature="test1()[pri:0, instance:com.qa.docker.testScripts.DockerFirefoxTest@32ee6fee]" started-at="2020-07-21T20:25:07 IST" name="test1" finished-at="2020-07-21T20:25:13 IST" duration-ms="6033" status="PASS">
          <reporter-output>
          </reporter-output>
        </test-method> <!-- test1 -->
      </class> <!-- com.qa.docker.testScripts.DockerFirefoxTest -->
    </test> <!-- Default test -->
  </suite> <!-- Default suite -->
</testng-results>
